Using pre-set license
Built from '2020.3/staging' branch; Version is '2020.3.4f1 (0abb6314276a) revision 703331'; Using compiler version '192528614'; Build Type 'Release'
OS: 'Windows 10 Pro; OS build 19042.985; Version 2009; 64bit' Language: 'en' Physical Memory: 7981 MB
BatchMode: 1, IsHumanControllingUs: 0, StartBugReporterOnCrash: 0, Is64bit: 1, IsPro: 0

 COMMAND LINE ARGUMENTS:
C:\Program Files\Unity\Hub\Editor\2020.3.4f1\Editor\Unity.exe
-adb2
-batchMode
-noUpm
-name
AssetImportWorker0
-projectPath
C:/Users/Burak/Desktop/Desktop/Burak/Games/Piano
-logFile
Logs/AssetImportWorker0.log
-srvPort
58664
Successfully changed project path to: C:/Users/Burak/Desktop/Desktop/Burak/Games/Piano
C:/Users/Burak/Desktop/Desktop/Burak/Games/Piano
Using Asset Import Pipeline V2.
Refreshing native plugins compatible for Editor in 33.31 ms, found 1 plugins.
Preloading 0 native plugins for Editor in 0.00 ms.
Initialize engine version: 2020.3.4f1 (0abb6314276a)
[Subsystems] Discovering subsystems at path C:/Program Files/Unity/Hub/Editor/2020.3.4f1/Editor/Data/Resources/UnitySubsystems
[Subsystems] Discovering subsystems at path C:/Users/Burak/Desktop/Desktop/Burak/Games/Piano/Assets
GfxDevice: creating device client; threaded=0
Direct3D:
    Version:  Direct3D 11.0 [level 11.1]
    Renderer: NVIDIA GeForce GTX 1650 Ti (ID=0x1f95)
    Vendor:   
    VRAM:     3962 MB
    Driver:   27.21.14.6647
Initialize mono
Mono path[0] = 'C:/Program Files/Unity/Hub/Editor/2020.3.4f1/Editor/Data/Managed'
Mono path[1] = 'C:/Program Files/Unity/Hub/Editor/2020.3.4f1/Editor/Data/MonoBleedingEdge/lib/mono/unityjit'
Mono config path = 'C:/Program Files/Unity/Hub/Editor/2020.3.4f1/Editor/Data/MonoBleedingEdge/etc'
Using monoOptions --debugger-agent=transport=dt_socket,embedding=1,server=y,suspend=n,address=127.0.0.1:56844
Begin MonoManager ReloadAssembly
Registering precompiled unity dll's ...
Register platform support module: C:/Program Files/Unity/Hub/Editor/2020.3.4f1/Editor/Data/PlaybackEngines/WindowsStandaloneSupport/UnityEditor.WindowsStandalone.Extensions.dll
Registered in 0.001424 seconds.
Native extension for WindowsStandalone target not found
Refreshing native plugins compatible for Editor in 33.92 ms, found 1 plugins.
Preloading 0 native plugins for Editor in 0.00 ms.
Mono: successfully reloaded assembly
- Completed reload, in  0.875 seconds
Platform modules already initialized, skipping
Registering precompiled user dll's ...
Registered in 0.000753 seconds.
Begin MonoManager ReloadAssembly
Native extension for WindowsStandalone target not found
Refreshing native plugins compatible for Editor in 39.04 ms, found 1 plugins.
Preloading 0 native plugins for Editor in 0.00 ms.
Mono: successfully reloaded assembly
- Completed reload, in  0.918 seconds
Platform modules already initialized, skipping
========================================================================
Worker process is ready to serve import requests
Launched and connected shader compiler UnityShaderCompiler.exe after 0.05 seconds
Refreshing native plugins compatible for Editor in 0.41 ms, found 1 plugins.
Preloading 0 native plugins for Editor in 0.00 ms.
Unloading 1857 Unused Serialized files (Serialized files now loaded: 0)
System memory in use before: 88.0 MB.
System memory in use after: 87.9 MB.

Unloading 25 unused Assets to reduce memory usage. Loaded Objects now: 2299.
Total: 2.358100 ms (FindLiveObjects: 0.422500 ms CreateObjectMapping: 0.209500 ms MarkObjects: 1.598400 ms  DeleteObjects: 0.124800 ms)

========================================================================
Received Prepare
Registering precompiled user dll's ...
Registered in 0.000801 seconds.
Begin MonoManager ReloadAssembly
Native extension for WindowsStandalone target not found
Refreshing native plugins compatible for Editor in 0.34 ms, found 1 plugins.
Preloading 0 native plugins for Editor in 0.00 ms.
Mono: successfully reloaded assembly
- Completed reload, in  0.773 seconds
Platform modules already initialized, skipping
Refreshing native plugins compatible for Editor in 0.37 ms, found 1 plugins.
Preloading 0 native plugins for Editor in 0.00 ms.
Unloading 1838 Unused Serialized files (Serialized files now loaded: 0)
System memory in use before: 86.6 MB.
System memory in use after: 86.6 MB.

Unloading 12 unused Assets to reduce memory usage. Loaded Objects now: 2303.
Total: 1.967700 ms (FindLiveObjects: 0.296300 ms CreateObjectMapping: 0.146300 ms MarkObjects: 1.430100 ms  DeleteObjects: 0.093600 ms)

========================================================================
Received Import Request.
  path: Assets/TextMesh Pro
  artifactKey: Guid(f54d1bd14bd3ca042bd867b519fee8cc) Importer(815301076,1909f56bfc062723c751e8b465ee728b)
Start importing Assets/TextMesh Pro using Guid(f54d1bd14bd3ca042bd867b519fee8cc) Importer(815301076,1909f56bfc062723c751e8b465ee728b)  -> (artifact id: '848a6be426deb7a1866c2e2c59583138') in 0.008089 seconds
  Import took 0.011800 seconds .

========================================================================
Received Import Request.
  Time since last request: 0.002120 seconds.
  path: Assets/TextMesh Pro
  artifactKey: Guid(f54d1bd14bd3ca042bd867b519fee8cc) Importer(815301076,1909f56bfc062723c751e8b465ee728b)
Start importing Assets/TextMesh Pro using Guid(f54d1bd14bd3ca042bd867b519fee8cc) Importer(815301076,1909f56bfc062723c751e8b465ee728b)  -> (artifact id: '848a6be426deb7a1866c2e2c59583138') in 0.001764 seconds
  Import took 0.004571 seconds .

========================================================================
Received Import Request.
  Time since last request: 3.530583 seconds.
  path: Assets/Air Anim
  artifactKey: Guid(fcb5aa05239498a43a9087eb75fd01e0) Importer(815301076,1909f56bfc062723c751e8b465ee728b)
Start importing Assets/Air Anim using Guid(fcb5aa05239498a43a9087eb75fd01e0) Importer(815301076,1909f56bfc062723c751e8b465ee728b)  -> (artifact id: 'b3972942a928ab380db824e8bc24a4b8') in 0.014147 seconds
  Import took 0.017533 seconds .

========================================================================
Received Import Request.
  Time since last request: 0.091768 seconds.
  path: Assets/Air Anim/Air-1.png
  artifactKey: Guid(3c4da0d3ea3b221488e1820db1b553b9) Importer(815301076,1909f56bfc062723c751e8b465ee728b)
Start importing Assets/Air Anim/Air-1.png using Guid(3c4da0d3ea3b221488e1820db1b553b9) Importer(815301076,1909f56bfc062723c751e8b465ee728b)  -> (artifact id: 'f82da76f47595703e827dae9488ec73a') in 0.098572 seconds
  Import took 0.101665 seconds .

========================================================================
Received Import Request.
  Time since last request: 0.000155 seconds.
  path: Assets/Air Anim/Air-5.png
  artifactKey: Guid(f5b8775153f1d4c47a0f03613e5dc5b7) Importer(815301076,1909f56bfc062723c751e8b465ee728b)
Start importing Assets/Air Anim/Air-5.png using Guid(f5b8775153f1d4c47a0f03613e5dc5b7) Importer(815301076,1909f56bfc062723c751e8b465ee728b)  -> (artifact id: '571ae5d19810106796ae66f1d3479ef1') in 0.014516 seconds
  Import took 0.017896 seconds .

========================================================================
Received Import Request.
  Time since last request: 0.000178 seconds.
  path: Assets/Air Anim/Air-3.png
  artifactKey: Guid(cdf2ddf15f3531b469129efc0288f03d) Importer(815301076,1909f56bfc062723c751e8b465ee728b)
Start importing Assets/Air Anim/Air-3.png using Guid(cdf2ddf15f3531b469129efc0288f03d) Importer(815301076,1909f56bfc062723c751e8b465ee728b)  -> (artifact id: 'e39a13b96da7cf31974e7908234535e8') in 0.013817 seconds
  Import took 0.017427 seconds .

========================================================================
Received Import Request.
  Time since last request: 0.000212 seconds.
  path: Assets/Air Anim/Air-7.png
  artifactKey: Guid(38bac33ca9c6a2545ac62c093e04d639) Importer(815301076,1909f56bfc062723c751e8b465ee728b)
Start importing Assets/Air Anim/Air-7.png using Guid(38bac33ca9c6a2545ac62c093e04d639) Importer(815301076,1909f56bfc062723c751e8b465ee728b)  -> (artifact id: '280369171aa9cc24f826f5714ae9a0f4') in 0.015567 seconds
  Import took 0.019634 seconds .

========================================================================
Received Import Request.
  Time since last request: 0.000243 seconds.
  path: Assets/Air Anim/Air-4.png
  artifactKey: Guid(2c2dbca690ae8d5449da19baec63575d) Importer(815301076,1909f56bfc062723c751e8b465ee728b)
Start importing Assets/Air Anim/Air-4.png using Guid(2c2dbca690ae8d5449da19baec63575d) Importer(815301076,1909f56bfc062723c751e8b465ee728b)  -> (artifact id: 'dd204ef5af0df96d2d15f57fdbfcc8ba') in 0.014145 seconds
  Import took 0.017872 seconds .

========================================================================
Received Import Request.
  Time since last request: 0.000244 seconds.
  path: Assets/Air Anim/Air-2.png
  artifactKey: Guid(90cde84ed92abbc488eb3b83c9fa9d40) Importer(815301076,1909f56bfc062723c751e8b465ee728b)
Start importing Assets/Air Anim/Air-2.png using Guid(90cde84ed92abbc488eb3b83c9fa9d40) Importer(815301076,1909f56bfc062723c751e8b465ee728b)  -> (artifact id: '0536e8bd0fec4cd31b9eb5c4bc254dea') in 0.013041 seconds
  Import took 0.016771 seconds .

========================================================================
Received Import Request.
  Time since last request: 0.000185 seconds.
  path: Assets/Air Anim/Air-6.png
  artifactKey: Guid(8f7385b6c405ecb4c952c3e1f7fca6de) Importer(815301076,1909f56bfc062723c751e8b465ee728b)
Start importing Assets/Air Anim/Air-6.png using Guid(8f7385b6c405ecb4c952c3e1f7fca6de) Importer(815301076,1909f56bfc062723c751e8b465ee728b)  -> (artifact id: 'ca145bfbd7916fef1342ebbf31325cfb') in 0.014358 seconds
  Import took 0.017557 seconds .

========================================================================
Received Import Request.
  Time since last request: 0.000175 seconds.
  path: Assets/Air Anim/Air-9.png
  artifactKey: Guid(b2ae7f5a3656e144890c729f3a95e3bb) Importer(815301076,1909f56bfc062723c751e8b465ee728b)
Start importing Assets/Air Anim/Air-9.png using Guid(b2ae7f5a3656e144890c729f3a95e3bb) Importer(815301076,1909f56bfc062723c751e8b465ee728b)  -> (artifact id: '06d968e6999b64b30ee629bf10938c50') in 0.015282 seconds
  Import took 0.018208 seconds .

========================================================================
Received Import Request.
  Time since last request: 0.000148 seconds.
  path: Assets/Air Anim/Air-8.png
  artifactKey: Guid(322d762bf5346c94a913efc198d539a9) Importer(815301076,1909f56bfc062723c751e8b465ee728b)
Start importing Assets/Air Anim/Air-8.png using Guid(322d762bf5346c94a913efc198d539a9) Importer(815301076,1909f56bfc062723c751e8b465ee728b)  -> (artifact id: 'f4627b209f48f1d599a32a857539fc61') in 0.013440 seconds
  Import took 0.016261 seconds .

========================================================================
Received Import Request.
  Time since last request: 0.000153 seconds.
  path: Assets/Air Anim/Air-10.png
  artifactKey: Guid(09112ce70295062488c1dc08d0f7721c) Importer(815301076,1909f56bfc062723c751e8b465ee728b)
Start importing Assets/Air Anim/Air-10.png using Guid(09112ce70295062488c1dc08d0f7721c) Importer(815301076,1909f56bfc062723c751e8b465ee728b)  -> (artifact id: 'bdb399d83c586c6a8aa23bca08ba855f') in 0.014584 seconds
  Import took 0.017746 seconds .

========================================================================
Received Import Request.
  Time since last request: 11.897376 seconds.
  path: Assets/Air Anim/Air-1.controller
  artifactKey: Guid(25fdf3495e1c670449b2493d76361bcc) Importer(815301076,1909f56bfc062723c751e8b465ee728b)
Start importing Assets/Air Anim/Air-1.controller using Guid(25fdf3495e1c670449b2493d76361bcc) Importer(815301076,1909f56bfc062723c751e8b465ee728b)  -> (artifact id: '14588ee43f49a8f0e4c3bdc7d13e202c') in 0.005412 seconds
  Import took 0.016539 seconds .

========================================================================
Received Prepare
Registering precompiled user dll's ...
Registered in 0.000863 seconds.
Begin MonoManager ReloadAssembly
Native extension for WindowsStandalone target not found
Refreshing native plugins compatible for Editor in 0.40 ms, found 1 plugins.
Preloading 0 native plugins for Editor in 0.00 ms.
Mono: successfully reloaded assembly
- Completed reload, in  0.735 seconds
Platform modules already initialized, skipping
Refreshing native plugins compatible for Editor in 0.43 ms, found 1 plugins.
Preloading 0 native plugins for Editor in 0.00 ms.
Unloading 1838 Unused Serialized files (Serialized files now loaded: 0)
System memory in use before: 89.7 MB.
System memory in use after: 89.7 MB.

Unloading 12 unused Assets to reduce memory usage. Loaded Objects now: 2313.
Total: 1.895400 ms (FindLiveObjects: 0.249400 ms CreateObjectMapping: 0.093000 ms MarkObjects: 1.459900 ms  DeleteObjects: 0.091700 ms)

AssetImportWorkerClient::OnTransportError - code=2 error=End of file
