Using pre-set license
Built from '2020.3/staging' branch; Version is '2020.3.4f1 (0abb6314276a) revision 703331'; Using compiler version '192528614'; Build Type 'Release'
OS: 'Windows 10 Pro; OS build 19042.985; Version 2009; 64bit' Language: 'en' Physical Memory: 7981 MB
BatchMode: 1, IsHumanControllingUs: 0, StartBugReporterOnCrash: 0, Is64bit: 1, IsPro: 0

 COMMAND LINE ARGUMENTS:
C:\Program Files\Unity\Hub\Editor\2020.3.4f1\Editor\Unity.exe
-adb2
-batchMode
-noUpm
-name
AssetImportWorker0
-projectPath
C:/Users/Burak/Desktop/Desktop/Burak/Games/Piano
-logFile
Logs/AssetImportWorker0.log
-srvPort
64178
Successfully changed project path to: C:/Users/Burak/Desktop/Desktop/Burak/Games/Piano
C:/Users/Burak/Desktop/Desktop/Burak/Games/Piano
Using Asset Import Pipeline V2.
Refreshing native plugins compatible for Editor in 32.63 ms, found 1 plugins.
Preloading 0 native plugins for Editor in 0.00 ms.
Initialize engine version: 2020.3.4f1 (0abb6314276a)
[Subsystems] Discovering subsystems at path C:/Program Files/Unity/Hub/Editor/2020.3.4f1/Editor/Data/Resources/UnitySubsystems
[Subsystems] Discovering subsystems at path C:/Users/Burak/Desktop/Desktop/Burak/Games/Piano/Assets
GfxDevice: creating device client; threaded=0
Direct3D:
    Version:  Direct3D 11.0 [level 11.1]
    Renderer: NVIDIA GeForce GTX 1650 Ti (ID=0x1f95)
    Vendor:   
    VRAM:     3962 MB
    Driver:   27.21.14.6647
Initialize mono
Mono path[0] = 'C:/Program Files/Unity/Hub/Editor/2020.3.4f1/Editor/Data/Managed'
Mono path[1] = 'C:/Program Files/Unity/Hub/Editor/2020.3.4f1/Editor/Data/MonoBleedingEdge/lib/mono/unityjit'
Mono config path = 'C:/Program Files/Unity/Hub/Editor/2020.3.4f1/Editor/Data/MonoBleedingEdge/etc'
Using monoOptions --debugger-agent=transport=dt_socket,embedding=1,server=y,suspend=n,address=127.0.0.1:56320
Begin MonoManager ReloadAssembly
Registering precompiled unity dll's ...
Register platform support module: C:/Program Files/Unity/Hub/Editor/2020.3.4f1/Editor/Data/PlaybackEngines/WindowsStandaloneSupport/UnityEditor.WindowsStandalone.Extensions.dll
Registered in 0.001424 seconds.
Native extension for WindowsStandalone target not found
Refreshing native plugins compatible for Editor in 37.29 ms, found 1 plugins.
Preloading 0 native plugins for Editor in 0.00 ms.
Mono: successfully reloaded assembly
- Completed reload, in  0.885 seconds
Platform modules already initialized, skipping
Registering precompiled user dll's ...
Registered in 0.000809 seconds.
Begin MonoManager ReloadAssembly
Native extension for WindowsStandalone target not found
Refreshing native plugins compatible for Editor in 33.56 ms, found 1 plugins.
Preloading 0 native plugins for Editor in 0.00 ms.
Mono: successfully reloaded assembly
- Completed reload, in  0.808 seconds
Platform modules already initialized, skipping
========================================================================
Worker process is ready to serve import requests
Launched and connected shader compiler UnityShaderCompiler.exe after 0.05 seconds
Refreshing native plugins compatible for Editor in 0.39 ms, found 1 plugins.
Preloading 0 native plugins for Editor in 0.00 ms.
Unloading 1856 Unused Serialized files (Serialized files now loaded: 0)
System memory in use before: 88.0 MB.
System memory in use after: 87.9 MB.

Unloading 24 unused Assets to reduce memory usage. Loaded Objects now: 2299.
Total: 1.886500 ms (FindLiveObjects: 0.226500 ms CreateObjectMapping: 0.117200 ms MarkObjects: 1.426400 ms  DeleteObjects: 0.115600 ms)

========================================================================
Received Import Request.
  path: Assets/Başlıksız-2_0.controller
  artifactKey: Guid(848f7d99395ff9343a26249fd53cb660) Importer(815301076,1909f56bfc062723c751e8b465ee728b)
Start importing Assets/Başlıksız-2_0.controller using Guid(848f7d99395ff9343a26249fd53cb660) Importer(815301076,1909f56bfc062723c751e8b465ee728b)  -> (artifact id: 'accc77915863866355a3f3f6dfcfd416') in 0.029373 seconds
  Import took 0.033139 seconds .

========================================================================
Received Import Request.
  Time since last request: 0.000288 seconds.
  path: Assets/Başlıksız-3.png
  artifactKey: Guid(80805e43d3b49f64f85f1e7bf05cca4d) Importer(815301076,1909f56bfc062723c751e8b465ee728b)
Start importing Assets/Başlıksız-3.png using Guid(80805e43d3b49f64f85f1e7bf05cca4d) Importer(815301076,1909f56bfc062723c751e8b465ee728b)  -> (artifact id: 'e00d54d2603010a12f626a9451a682f9') in 0.099820 seconds
  Import took 0.103095 seconds .

========================================================================
Received Import Request.
  Time since last request: 7.952073 seconds.
  path: Assets/Başlıksız-3.png
  artifactKey: Guid(80805e43d3b49f64f85f1e7bf05cca4d) Importer(815301076,1909f56bfc062723c751e8b465ee728b)
Start importing Assets/Başlıksız-3.png using Guid(80805e43d3b49f64f85f1e7bf05cca4d) Importer(815301076,1909f56bfc062723c751e8b465ee728b)  -> (artifact id: '94844d4dd00fce782308b9abcd1bdcfd') in 0.014676 seconds
  Import took 0.018224 seconds .

========================================================================
Received Import Request.
  Time since last request: 3.844739 seconds.
  path: Assets/Başlıksız-3.png
  artifactKey: Guid(80805e43d3b49f64f85f1e7bf05cca4d) Importer(815301076,1909f56bfc062723c751e8b465ee728b)
Start importing Assets/Başlıksız-3.png using Guid(80805e43d3b49f64f85f1e7bf05cca4d) Importer(815301076,1909f56bfc062723c751e8b465ee728b)  -> (artifact id: '5202f26024c027345caffd099dd661c9') in 0.014371 seconds
  Import took 0.017520 seconds .

========================================================================
Received Import Request.
  Time since last request: 0.001319 seconds.
  path: Assets/Başlıksız-3.png
  artifactKey: Guid(80805e43d3b49f64f85f1e7bf05cca4d) Importer(815301076,1909f56bfc062723c751e8b465ee728b)
Start importing Assets/Başlıksız-3.png using Guid(80805e43d3b49f64f85f1e7bf05cca4d) Importer(815301076,1909f56bfc062723c751e8b465ee728b)  -> (artifact id: '5202f26024c027345caffd099dd661c9') in 0.008428 seconds
  Import took 0.012443 seconds .

========================================================================
Received Import Request.
  Time since last request: 31.525867 seconds.
  path: Assets/Başlıksız-3.png
  artifactKey: Guid(80805e43d3b49f64f85f1e7bf05cca4d) Importer(815301076,1909f56bfc062723c751e8b465ee728b)
Start importing Assets/Başlıksız-3.png using Guid(80805e43d3b49f64f85f1e7bf05cca4d) Importer(815301076,1909f56bfc062723c751e8b465ee728b)  -> (artifact id: '27531a60ba7e55604451ac554608463e') in 0.045603 seconds
  Import took 0.048952 seconds .

========================================================================
Received Prepare
Registering precompiled user dll's ...
Registered in 0.000759 seconds.
Begin MonoManager ReloadAssembly
Native extension for WindowsStandalone target not found
Refreshing native plugins compatible for Editor in 0.31 ms, found 1 plugins.
Preloading 0 native plugins for Editor in 0.00 ms.
Mono: successfully reloaded assembly
- Completed reload, in  0.735 seconds
Platform modules already initialized, skipping
Refreshing native plugins compatible for Editor in 0.35 ms, found 1 plugins.
Preloading 0 native plugins for Editor in 0.00 ms.
Unloading 1838 Unused Serialized files (Serialized files now loaded: 0)
System memory in use before: 89.7 MB.
System memory in use after: 89.7 MB.

Unloading 12 unused Assets to reduce memory usage. Loaded Objects now: 2327.
Total: 1.927800 ms (FindLiveObjects: 0.171200 ms CreateObjectMapping: 0.065900 ms MarkObjects: 1.593400 ms  DeleteObjects: 0.096200 ms)

========================================================================
Received Prepare
Registering precompiled user dll's ...
Registered in 0.000818 seconds.
Begin MonoManager ReloadAssembly
Native extension for WindowsStandalone target not found
Refreshing native plugins compatible for Editor in 0.62 ms, found 1 plugins.
Preloading 0 native plugins for Editor in 0.00 ms.
Mono: successfully reloaded assembly
- Completed reload, in  0.977 seconds
Platform modules already initialized, skipping
Refreshing native plugins compatible for Editor in 0.77 ms, found 1 plugins.
Preloading 0 native plugins for Editor in 0.00 ms.
Unloading 1838 Unused Serialized files (Serialized files now loaded: 0)
System memory in use before: 89.8 MB.
System memory in use after: 89.7 MB.

Unloading 12 unused Assets to reduce memory usage. Loaded Objects now: 2331.
Total: 3.693400 ms (FindLiveObjects: 0.438700 ms CreateObjectMapping: 0.353100 ms MarkObjects: 2.701900 ms  DeleteObjects: 0.197400 ms)

========================================================================
Received Import Request.
  Time since last request: 119.743633 seconds.
  path: Assets/NewBehaviourScript.cs
  artifactKey: Guid(f4e58c93c236c5346bd068403752b0ca) Importer(815301076,1909f56bfc062723c751e8b465ee728b)
Start importing Assets/NewBehaviourScript.cs using Guid(f4e58c93c236c5346bd068403752b0ca) Importer(815301076,1909f56bfc062723c751e8b465ee728b)  -> (artifact id: 'cc7a12fcd6ec63cef90a65b3f7ac4c53') in 0.027146 seconds
  Import took 0.031685 seconds .

========================================================================
Received Prepare
Registering precompiled user dll's ...
Registered in 0.001221 seconds.
Begin MonoManager ReloadAssembly
Native extension for WindowsStandalone target not found
Refreshing native plugins compatible for Editor in 0.35 ms, found 1 plugins.
Preloading 0 native plugins for Editor in 0.00 ms.
Mono: successfully reloaded assembly
- Completed reload, in  0.726 seconds
Platform modules already initialized, skipping
Refreshing native plugins compatible for Editor in 0.39 ms, found 1 plugins.
Preloading 0 native plugins for Editor in 0.00 ms.
Unloading 1839 Unused Serialized files (Serialized files now loaded: 0)
System memory in use before: 89.8 MB.
System memory in use after: 89.8 MB.

Unloading 12 unused Assets to reduce memory usage. Loaded Objects now: 2336.
Total: 5.176200 ms (FindLiveObjects: 0.415400 ms CreateObjectMapping: 0.203900 ms MarkObjects: 4.291400 ms  DeleteObjects: 0.262500 ms)

AssetImportWorkerClient::OnTransportError - code=2 error=End of file
